SF:lib\core\error\failure.dart
DA:5,7
DA:10,0
DA:11,0
DA:15,0
DA:23,6
DA:30,0
LF:6
LH:2
end_of_record
SF:lib\features\auth\domain\entity\auth_entity.dart
DA:12,2
DA:22,0
DA:24,0
DA:25,0
DA:26,0
DA:27,0
DA:28,0
DA:29,0
DA:30,0
DA:31,0s
LF:10
LH:1
end_of_record
SF:lib\features\auth\domain\use_case\create_user_usecase.dart
DA:23,1
DA:35,0
DA:36,0
DA:43,1
DA:45,1
DA:49,1
DA:50,1
DA:51,1
DA:52,1
DA:53,1
DA:54,1
DA:55,1
DA:62,2
DA:65,0
LF:14
LH:11
end_of_record
SF:lib\features\dashboard\domain\entity\pet_entity.dart
DA:21,2
DA:40,0
DA:41,0
DA:42,0
DA:43,0
DA:44,0
DA:45,0
DA:46,0
DA:47,0
DA:48,0
DA:49,0
DA:50,0
DA:51,0
DA:52,0
DA:53,0
DA:54,0
DA:55,0
DA:56,0
DA:57,0
LF:19
LH:1
end_of_record
SF:lib\features\dashboard\domain\use_case\get_all_pets_usecase.dart
DA:10,1
DA:12,1
DA:15,2
DA:16,0
DA:17,0
DA:19,0
LF:6
LH:3
end_of_record
SF:lib\features\auth\domain\use_case\delete_user_usecase.dart
DA:10,1
DA:12,0
DA:13,0
DA:20,1
DA:22,1
DA:24,3
LF:6
LH:4
end_of_record
SF:lib\features\auth\domain\use_case\get_all_users_usecase.dart
DA:10,1
DA:12,1
DA:15,2
DA:17,0
LF:4
LH:3
end_of_record
SF:lib\features\auth\domain\use_case\login_usecase.dart
DA:12,1
DA:17,0
DA:21,0
DA:23,0
DA:30,1
DA:32,1
DA:34,4
LF:7
LH:4
end_of_record
SF:lib\app\shared_prefs\token_shared_prefs.dart
DA:8,0
DA:10,0
DA:12,0
DA:13,0
DA:15,0
DA:19,0
DA:21,0
DA:22,0
DA:24,0
LF:9
LH:0
end_of_record
SF:lib\features\auth\domain\use_case\upload_image_usecase.dart
DA:11,1
DA:20,1
DA:22,1
DA:24,3
LF:4
LH:4
end_of_record
SF:lib\features\dashboard\domain\use_case\get_pet_by_id_usecase.dart
DA:11,1
DA:13,0
DA:14,0
DA:21,1
DA:23,1
DA:26,3
DA:27,0
DA:28,0
DA:30,0
LF:9
LH:4
end_of_record
